{"/Users/maysam/Code/Challenges/IntelligenceBank/mfe-made-easy/packages/shared/src/constants.ts": {"path":"/Users/maysam/Code/Challenges/IntelligenceBank/mfe-made-easy/packages/shared/src/constants.ts","all":false,"statementMap":{"0":{"start":{"line":1,"column":0},"end":{"line":1,"column":39}},"1":{"start":{"line":2,"column":0},"end":{"line":2,"column":0}},"2":{"start":{"line":3,"column":0},"end":{"line":3,"column":23}},"3":{"start":{"line":4,"column":0},"end":{"line":4,"column":12}},"4":{"start":{"line":5,"column":0},"end":{"line":5,"column":26}},"5":{"start":{"line":6,"column":0},"end":{"line":6,"column":23}},"6":{"start":{"line":7,"column":0},"end":{"line":7,"column":11}},"7":{"start":{"line":8,"column":0},"end":{"line":8,"column":0}},"8":{"start":{"line":9,"column":0},"end":{"line":9,"column":23}},"9":{"start":{"line":10,"column":0},"end":{"line":10,"column":31}},"10":{"start":{"line":11,"column":0},"end":{"line":11,"column":27}},"11":{"start":{"line":12,"column":0},"end":{"line":12,"column":25}},"12":{"start":{"line":13,"column":0},"end":{"line":13,"column":34}},"13":{"start":{"line":14,"column":0},"end":{"line":14,"column":11}}},"s":{"0":1,"1":1,"2":1,"3":1,"4":1,"5":1,"6":1,"7":1,"8":1,"9":1,"10":1,"11":1,"12":1,"13":1},"branchMap":{},"b":{},"fnMap":{},"f":{}}
,"/Users/maysam/Code/Challenges/IntelligenceBank/mfe-made-easy/packages/shared/src/index.ts": {"path":"/Users/maysam/Code/Challenges/IntelligenceBank/mfe-made-easy/packages/shared/src/index.ts","all":false,"statementMap":{"0":{"start":{"line":1,"column":0},"end":{"line":1,"column":24}},"1":{"start":{"line":2,"column":0},"end":{"line":2,"column":28}}},"s":{"0":1,"1":1},"branchMap":{},"b":{},"fnMap":{},"f":{}}
,"/Users/maysam/Code/Challenges/IntelligenceBank/mfe-made-easy/packages/shared/src/utils.ts": {"path":"/Users/maysam/Code/Challenges/IntelligenceBank/mfe-made-easy/packages/shared/src/utils.ts","all":false,"statementMap":{"0":{"start":{"line":1,"column":0},"end":{"line":1,"column":74}},"1":{"start":{"line":2,"column":0},"end":{"line":2,"column":43}},"2":{"start":{"line":3,"column":0},"end":{"line":3,"column":2}},"3":{"start":{"line":4,"column":0},"end":{"line":4,"column":0}},"4":{"start":{"line":5,"column":0},"end":{"line":5,"column":87}},"5":{"start":{"line":6,"column":0},"end":{"line":6,"column":0}},"6":{"start":{"line":7,"column":0},"end":{"line":7,"column":33}},"7":{"start":{"line":8,"column":0},"end":{"line":8,"column":68}},"8":{"start":{"line":9,"column":0},"end":{"line":9,"column":2}}},"s":{"0":1,"1":2,"2":2,"3":1,"4":1,"5":1,"6":1,"7":4,"8":4},"branchMap":{"0":{"type":"branch","line":1,"loc":{"start":{"line":1,"column":18},"end":{"line":3,"column":2}},"locations":[{"start":{"line":1,"column":18},"end":{"line":3,"column":2}}]},"1":{"type":"branch","line":5,"loc":{"start":{"line":5,"column":21},"end":{"line":5,"column":87}},"locations":[{"start":{"line":5,"column":21},"end":{"line":5,"column":87}}]},"2":{"type":"branch","line":5,"loc":{"start":{"line":5,"column":49},"end":{"line":5,"column":85}},"locations":[{"start":{"line":5,"column":49},"end":{"line":5,"column":85}}]},"3":{"type":"branch","line":7,"loc":{"start":{"line":7,"column":26},"end":{"line":9,"column":2}},"locations":[{"start":{"line":7,"column":26},"end":{"line":9,"column":2}}]}},"b":{"0":[2],"1":[1],"2":[1],"3":[4]},"fnMap":{"0":{"name":"cn","decl":{"start":{"line":1,"column":18},"end":{"line":3,"column":2}},"loc":{"start":{"line":1,"column":18},"end":{"line":3,"column":2}},"line":1},"1":{"name":"delay","decl":{"start":{"line":5,"column":21},"end":{"line":5,"column":87}},"loc":{"start":{"line":5,"column":21},"end":{"line":5,"column":87}},"line":5},"2":{"name":"generateId","decl":{"start":{"line":7,"column":26},"end":{"line":9,"column":2}},"loc":{"start":{"line":7,"column":26},"end":{"line":9,"column":2}},"line":7}},"f":{"0":2,"1":1,"2":4}}
}
