TN:
SF:src/constants.ts
FNF:0
FNH:0
DA:1,1
DA:2,1
DA:3,1
DA:4,1
DA:5,1
DA:6,1
DA:7,1
DA:8,1
DA:9,1
DA:10,1
DA:11,1
DA:12,1
DA:13,1
DA:14,1
LF:14
LH:14
BRF:0
BRH:0
end_of_record
TN:
SF:src/index.ts
FNF:0
FNH:0
DA:1,1
DA:2,1
LF:2
LH:2
BRF:0
BRH:0
end_of_record
TN:
SF:src/utils.ts
FN:1,cn
FN:5,delay
FN:7,generateId
FNF:3
FNH:3
FNDA:2,cn
FNDA:1,delay
FNDA:4,generateId
DA:1,1
DA:2,2
DA:3,2
DA:4,1
DA:5,1
DA:6,1
DA:7,1
DA:8,4
DA:9,4
LF:9
LH:9
BRDA:1,0,0,2
BRDA:5,1,0,1
BRDA:5,2,0,1
BRDA:7,3,0,4
BRF:4
BRH:4
end_of_record
